<?xml version="1.0" encoding="UTF-8"?>
<testng-results ignored="0" total="1" passed="1" failed="0" skipped="0">
  <reporter-output>
  </reporter-output>
  <suite started-at="2021-07-17T19:16:24Z" name="Surefire suite" finished-at="2021-07-17T19:16:24Z" duration-ms="21">
    <groups>
    </groups>
    <test started-at="2021-07-17T19:16:24Z" name="Surefire test" finished-at="2021-07-17T19:16:24Z" duration-ms="21">
      <class name="com.git.test.GitTest">
        <test-method signature="test1()[pri:0, instance:com.git.test.GitTest@41fbdac4]" started-at="2021-07-17T19:16:24Z" name="test1" finished-at="2021-07-17T19:16:24Z" duration-ms="5" status="PASS">
          <reporter-output>
          </reporter-output>
        </test-method> <!-- test1 -->
      </class> <!-- com.git.test.GitTest -->
    </test> <!-- Surefire test -->
  </suite> <!-- Surefire suite -->
</testng-results>
