<?xml version="1.0" encoding="UTF-8"?>
<testng-results ignored="0" total="1" passed="1" failed="0" skipped="0">
  <reporter-output>
  </reporter-output>
  <suite started-at="2021-07-17T18:53:41Z" name="Default suite" finished-at="2021-07-17T18:53:41Z" duration-ms="27">
    <groups>
    </groups>
    <test started-at="2021-07-17T18:53:41Z" name="Default test" finished-at="2021-07-17T18:53:41Z" duration-ms="27">
      <class name="com.git.test.GitTest">
        <test-method signature="test1()[pri:0, instance:com.git.test.GitTest@1e4d3ce5]" started-at="2021-07-17T18:53:41Z" name="test1" finished-at="2021-07-17T18:53:41Z" duration-ms="7" status="PASS">
          <reporter-output>
          </reporter-output>
        </test-method> <!-- test1 -->
      </class> <!-- com.git.test.GitTest -->
    </test> <!-- Default test -->
  </suite> <!-- Default suite -->
</testng-results>
